::1 - - [20/Mar/2021:16:12:31 +0900] "GET /wp-admin/ HTTP/1.1" 302 -
::1 - - [20/Mar/2021:16:12:33 +0900] "GET /wp-admin/ HTTP/1.1" 302 -
::1 - - [20/Mar/2021:16:12:34 +0900] "GET /wp-admin/ HTTP/1.1" 302 -
::1 - - [20/Mar/2021:16:12:46 +0900] "GET /wp-admin/ HTTP/1.1" 302 -
::1 - - [20/Mar/2021:16:12:48 +0900] "GET /wp-admin/ HTTP/1.1" 302 -
::1 - - [20/Mar/2021:16:12:49 +0900] "GET /wp-admin/ HTTP/1.1" 302 -
::1 - - [20/Mar/2021:16:12:50 +0900] "GET / HTTP/1.1" 200 17270
::1 - - [20/Mar/2021:16:12:52 +0900] "GET /favicon.ico/ HTTP/1.1" 404 196
::1 - - [20/Mar/2021:16:12:52 +0900] "GET / HTTP/1.1" 200 17270
::1 - - [20/Mar/2021:16:12:54 +0900] "GET /?tag=take-out HTTP/1.1" 200 14786
127.0.0.1 - - [20/Mar/2021:16:13:00 +0900] "GET /?s=WordPress HTTP/1.1" 200 13127
127.0.0.1 - - [20/Mar/2021:16:13:00 +0900] "GET /?s=WordPress HTTP/1.1" 200 13127
::1 - - [20/Mar/2021:16:13:16 +0900] "GET / HTTP/1.1" 200 17270
::1 - - [20/Mar/2021:16:14:10 +0900] "GET /wp-login.php HTTP/1.1" 200 7729
::1 - - [20/Mar/2021:16:14:23 +0900] "GET /wp-admin/ HTTP/1.1" 302 -
::1 - - [20/Mar/2021:16:14:24 +0900] "GET /wp-admin/ HTTP/1.1" 302 -
::1 - - [20/Mar/2021:16:14:30 +0900] "GET /wp-admin/ HTTP/1.1" 302 -
::1 - - [20/Mar/2021:16:14:36 +0900] "GET /wp/wp-admin HTTP/1.1" 404 196
::1 - - [20/Mar/2021:16:15:36 +0900] "-" 408 -
::1 - - [20/Mar/2021:16:15:56 +0900] "-" 408 -
::1 - - [20/Mar/2021:16:16:02 +0900] "GET /wp-admin/ HTTP/1.1" 302 -
::1 - - [20/Mar/2021:16:16:08 +0900] "GET /wp-admin/ HTTP/1.1" 302 -
::1 - - [20/Mar/2021:16:16:11 +0900] "GET /wp-admin/ HTTP/1.1" 302 -
::1 - - [20/Mar/2021:16:16:24 +0900] "GET /wp/app/pubic/wp-admin HTTP/1.1" 404 196
::1 - - [20/Mar/2021:16:17:24 +0900] "-" 408 -
::1 - - [20/Mar/2021:16:17:41 +0900] "-" 408 -
::1 - - [20/Mar/2021:16:19:36 +0900] "GET /wp-admin/ HTTP/1.1" 302 -
::1 - - [20/Mar/2021:16:19:38 +0900] "GET /wp-admin/ HTTP/1.1" 302 -
::1 - - [20/Mar/2021:16:19:44 +0900] "GET /wp-admin/ HTTP/1.1" 302 -
::1 - - [20/Mar/2021:16:19:54 +0900] "GET /wp-login.php HTTP/1.1" 200 7729
::1 - - [20/Mar/2021:16:20:14 +0900] "GET /wp/wp-login.php HTTP/1.1" 404 196
::1 - - [20/Mar/2021:16:20:21 +0900] "GET /wp/wp-admin HTTP/1.1" 404 196
::1 - - [20/Mar/2021:16:21:21 +0900] "-" 408 -
::1 - - [20/Mar/2021:16:25:04 +0900] "GET /wp-admin/ HTTP/1.1" 302 -
::1 - - [20/Mar/2021:16:25:05 +0900] "GET /wp-admin/ HTTP/1.1" 302 -
::1 - - [20/Mar/2021:16:26:04 +0900] "-" 408 -
::1 - - [20/Mar/2021:16:26:29 +0900] "GET /wp-admin/ HTTP/1.1" 302 -
::1 - - [20/Mar/2021:16:26:30 +0900] "GET /wp-admin/ HTTP/1.1" 302 -
::1 - - [20/Mar/2021:16:26:38 +0900] "GET /wp-admin/ HTTP/1.1" 302 -
::1 - - [20/Mar/2021:16:27:09 +0900] "GET /wp-admin/ HTTP/1.1" 302 -
::1 - - [20/Mar/2021:16:28:09 +0900] "-" 408 -
::1 - - [20/Mar/2021:16:28:09 +0900] "GET /wp-admin/ HTTP/1.1" 302 -
::1 - - [20/Mar/2021:16:28:38 +0900] "GET /wp-admin/ HTTP/1.1" 302 -
::1 - - [20/Mar/2021:16:28:40 +0900] "GET /wp-admin/ HTTP/1.1" 302 -
::1 - - [20/Mar/2021:16:28:43 +0900] "GET / HTTP/1.1" 200 17270
::1 - - [20/Mar/2021:16:29:38 +0900] "-" 408 -
::1 - - [20/Mar/2021:16:34:30 +0900] "GET /wp-admin/ HTTP/1.1" 302 -
::1 - - [20/Mar/2021:16:34:32 +0900] "GET / HTTP/1.1" 200 17270
::1 - - [20/Mar/2021:16:34:43 +0900] "GET /wp-admin/ HTTP/1.1" 302 -
::1 - - [20/Mar/2021:16:34:43 +0900] "GET / HTTP/1.1" 200 17270
::1 - - [20/Mar/2021:16:34:47 +0900] "GET /wp-admin/ HTTP/1.1" 302 -
::1 - - [20/Mar/2021:16:34:55 +0900] "GET /wp-admin/ HTTP/1.1" 302 -
::1 - - [20/Mar/2021:16:35:26 +0900] "GET /wp-admin/ HTTP/1.1" 302 -
::1 - - [20/Mar/2021:16:36:26 +0900] "-" 408 -
::1 - - [20/Mar/2021:16:36:26 +0900] "GET /wp-admin/ HTTP/1.1" 302 -
::1 - - [20/Mar/2021:16:37:26 +0900] "-" 408 -
::1 - - [20/Mar/2021:16:41:27 +0900] "GET /wp-admin/ HTTP/1.1" 302 -
::1 - - [20/Mar/2021:16:41:36 +0900] "GET /wp-admin/ HTTP/1.1" 302 -
::1 - - [20/Mar/2021:16:41:38 +0900] "GET /wp-admin/ HTTP/1.1" 302 -
::1 - - [20/Mar/2021:16:41:46 +0900] "GET /wp-admin/ HTTP/1.1" 302 -
::1 - - [20/Mar/2021:16:41:52 +0900] "GET / HTTP/1.1" 200 17270
::1 - - [20/Mar/2021:16:42:29 +0900] "GET /wp-admin/ HTTP/1.1" 302 -
::1 - - [20/Mar/2021:16:42:50 +0900] "GET /wp/wp-login.php HTTP/1.1" 404 196
::1 - - [20/Mar/2021:16:43:03 +0900] "GET /wp-login.php HTTP/1.1" 200 7713
::1 - - [20/Mar/2021:16:43:04 +0900] "GET /wp-includes/css/buttons.min.css?ver=5.7 HTTP/1.1" 200 5854
::1 - - [20/Mar/2021:16:43:04 +0900] "GET /wp-includes/css/dashicons.min.css?ver=5.7 HTTP/1.1" 200 59010
::1 - - [20/Mar/2021:16:43:04 +0900] "GET /wp-admin/css/forms.min.css?ver=5.7 HTTP/1.1" 200 25291
::1 - - [20/Mar/2021:16:43:04 +0900] "GET /wp-admin/css/l10n.min.css?ver=5.7 HTTP/1.1" 200 2477
::1 - - [20/Mar/2021:16:43:04 +0900] "GET /wp-admin/css/login.min.css?ver=5.7 HTTP/1.1" 200 5489
::1 - - [20/Mar/2021:16:43:04 +0900] "GET /wp-admin/images/wordpress-logo.svg?ver=20131107 HTTP/1.1" 200 1521
::1 - - [20/Mar/2021:16:43:15 +0900] "POST /wp-login.php HTTP/1.1" 302 -
::1 - - [20/Mar/2021:16:43:19 +0900] "GET /wp-includes/js/thickbox/thickbox.css?ver=5.7 HTTP/1.1" 200 2659
::1 - - [20/Mar/2021:16:43:19 +0900] "GET /wp-content/plugins/ultimate-addons-for-gutenberg/admin/assets/admin-notice.css?ver=1.20.1 HTTP/1.1" 200 585
::1 - - [20/Mar/2021:16:43:19 +0900] "GET /wp-includes/js/dist/vendor/wp-polyfill.min.js?ver=7.4.4 HTTP/1.1" 200 99310
::1 - - [20/Mar/2021:16:43:19 +0900] "GET /wp-includes/js/dist/hooks.min.js?ver=50e23bed88bcb9e6e14023e9961698c1 HTTP/1.1" 200 6937
::1 - - [20/Mar/2021:16:43:19 +0900] "GET /wp-includes/js/dist/i18n.min.js?ver=db9a9a37da262883343e941c3731bc67 HTTP/1.1" 200 10166
::1 - - [20/Mar/2021:16:43:15 +0900] "GET /wp-admin/ HTTP/1.1" 200 78953
::1 - - [20/Mar/2021:16:43:19 +0900] "GET /wp-admin/js/common.min.js?ver=5.7 HTTP/1.1" 200 20053
::1 - - [20/Mar/2021:16:43:19 +0900] "GET /wp-includes/js/hoverintent-js.min.js?ver=2.2.1 HTTP/1.1" 200 1718
::1 - - [20/Mar/2021:16:43:19 +0900] "GET /wp-includes/js/admin-bar.min.js?ver=5.7 HTTP/1.1" 200 3556
::1 - - [20/Mar/2021:16:43:19 +0900] "GET /wp-includes/js/clipboard.min.js?ver=5.7 HTTP/1.1" 200 10422
::1 - - [20/Mar/2021:16:43:19 +0900] "GET /wp-includes/js/underscore.min.js?ver=1.8.3 HTTP/1.1" 200 16057
::1 - - [20/Mar/2021:16:43:19 +0900] "GET /wp-includes/js/wp-util.min.js?ver=5.7 HTTP/1.1" 200 1077
::1 - - [20/Mar/2021:16:43:19 +0900] "GET /wp-admin/load-styles.php?c=0&dir=ltr&load%5Bchunk_0%5D=dashicons,admin-bar,site-health,common,forms,admin-menu,dashboard,list-tables,edit,revisions,media,themes,about,nav-menus,wp-poi&load%5Bchunk_1%5D=nter,widgets,site-icon,l10n,buttons,wp-auth-check&ver=5.7 HTTP/1.1" 200 384270
::1 - - [20/Mar/2021:16:43:19 +0900] "GET /wp-includes/js/dist/dom-ready.min.js?ver=eb19f7980f0268577acb5c2da5457de3 HTTP/1.1" 200 1219
::1 - - [20/Mar/2021:16:43:19 +0900] "GET /wp-includes/js/dist/a11y.min.js?ver=5e00de7a43b31bbb9eaf685f089a3903 HTTP/1.1" 200 3041
::1 - - [20/Mar/2021:16:43:19 +0900] "GET /wp-includes/js/api-request.min.js?ver=5.7 HTTP/1.1" 200 1025
::1 - - [20/Mar/2021:16:43:19 +0900] "GET /wp-admin/load-scripts.php?c=0&load%5Bchunk_0%5D=jquery-core,jquery-migrate,utils&ver=5.7 HTTP/1.1" 200 102587
::1 - - [20/Mar/2021:16:43:19 +0900] "GET /wp-includes/js/dist/vendor/lodash.min.js?ver=4.17.19 HTTP/1.1" 200 72805
::1 - - [20/Mar/2021:16:43:19 +0900] "GET /wp-includes/js/dist/url.min.js?ver=0ac7e0472c46121366e7ce07244be1ac HTTP/1.1" 200 8620
::1 - - [20/Mar/2021:16:43:19 +0900] "GET /wp-admin/load-scripts.php?c=0&load%5Bchunk_0%5D=hoverIntent&ver=5.7 HTTP/1.1" 200 1123
::1 - - [20/Mar/2021:16:43:19 +0900] "GET /wp-admin/js/site-health.min.js?ver=5.7 HTTP/1.1" 200 5997
::1 - - [20/Mar/2021:16:43:19 +0900] "GET /wp-includes/js/wp-ajax-response.min.js?ver=5.7 HTTP/1.1" 200 2098
::1 - - [20/Mar/2021:16:43:19 +0900] "GET /wp-includes/js/jquery/jquery.color.min.js?ver=2.1.2 HTTP/1.1" 200 9315
::1 - - [20/Mar/2021:16:43:19 +0900] "GET /wp-includes/js/wp-lists.min.js?ver=5.7 HTTP/1.1" 200 7444
::1 - - [20/Mar/2021:16:43:19 +0900] "GET /wp-includes/js/jquery/jquery.query.js?ver=2.1.7 HTTP/1.1" 200 3785
::1 - - [20/Mar/2021:16:43:19 +0900] "GET /wp-includes/js/quicktags.min.js?ver=5.7 HTTP/1.1" 200 11147
::1 - - [20/Mar/2021:16:43:19 +0900] "GET /wp-admin/js/edit-comments.min.js?ver=5.7 HTTP/1.1" 200 15286
::1 - - [20/Mar/2021:16:43:19 +0900] "GET /wp-includes/js/jquery/ui/core.min.js?ver=1.12.1 HTTP/1.1" 200 20796
::1 - - [20/Mar/2021:16:43:19 +0900] "GET /wp-includes/js/jquery/ui/mouse.min.js?ver=1.12.1 HTTP/1.1" 200 3380
::1 - - [20/Mar/2021:16:43:19 +0900] "GET /wp-includes/js/jquery/ui/sortable.min.js?ver=1.12.1 HTTP/1.1" 200 24788
::1 - - [20/Mar/2021:16:43:19 +0900] "GET /wp-admin/js/postbox.min.js?ver=5.7 HTTP/1.1" 200 6713
::1 - - [20/Mar/2021:16:43:19 +0900] "GET /wp-includes/js/dist/vendor/moment.min.js?ver=2.26.0 HTTP/1.1" 200 58309
::1 - - [20/Mar/2021:16:43:19 +0900] "GET /wp-admin/js/dashboard.min.js?ver=5.7 HTTP/1.1" 200 8814
::1 - - [20/Mar/2021:16:43:19 +0900] "GET /wp-includes/js/dist/date.min.js?ver=e44c6aaa6f78b408b2505ac9bfb0a862 HTTP/1.1" 200 203812
::1 - - [20/Mar/2021:16:43:19 +0900] "GET /wp-includes/js/thickbox/thickbox.js?ver=3.1-20121105 HTTP/1.1" 200 13194
::1 - - [20/Mar/2021:16:43:19 +0900] "GET /wp-admin/js/plugin-install.min.js?ver=5.7 HTTP/1.1" 200 2419
::1 - - [20/Mar/2021:16:43:19 +0900] "GET /wp-includes/js/wp-sanitize.min.js?ver=5.7 HTTP/1.1" 200 458
::1 - - [20/Mar/2021:16:43:19 +0900] "GET /wp-admin/js/updates.min.js?ver=5.7 HTTP/1.1" 200 41056
::1 - - [20/Mar/2021:16:43:19 +0900] "GET /wp-includes/js/shortcode.min.js?ver=5.7 HTTP/1.1" 200 2650
::1 - - [20/Mar/2021:16:43:19 +0900] "GET /wp-admin/js/media-upload.min.js?ver=5.7 HTTP/1.1" 200 1152
::1 - - [20/Mar/2021:16:43:19 +0900] "GET /wp-admin/js/svg-painter.js?ver=5.7 HTTP/1.1" 200 5538
::1 - - [20/Mar/2021:16:43:19 +0900] "GET /wp-includes/js/heartbeat.min.js?ver=5.7 HTTP/1.1" 200 5885
::1 - - [20/Mar/2021:16:43:19 +0900] "GET /wp-includes/js/wp-auth-check.min.js?ver=5.7 HTTP/1.1" 200 1674
::1 - - [20/Mar/2021:16:43:19 +0900] "GET /wp-includes/js/wp-emoji-release.min.js?ver=5.7 HTTP/1.1" 200 14229
::1 - - [20/Mar/2021:16:43:20 +0900] "GET /wp-includes/js/thickbox/loadingAnimation.gif HTTP/1.1" 200 15238
::1 - - [20/Mar/2021:16:43:20 +0900] "POST /wp-admin/admin-ajax.php HTTP/1.1" 200 16
::1 - - [20/Mar/2021:16:43:20 +0900] "POST /wp-admin/admin-ajax.php HTTP/1.1" 200 16
::1 - - [20/Mar/2021:16:43:20 +0900] "POST /wp-admin/admin-ajax.php HTTP/1.1" 200 982
::1 - - [20/Mar/2021:16:43:22 +0900] "GET /wp-admin/images/spinner.gif HTTP/1.1" 200 3656
::1 - - [20/Mar/2021:16:43:20 +0900] "GET /wp-admin/admin-ajax.php?action=dashboard-widgets&widget=dashboard_primary&pagenow=dashboard HTTP/1.1" 200 990
::1 - - [20/Mar/2021:16:43:38 +0900] "GET /wp-admin/plugins.php HTTP/1.1" 200 71809
::1 - - [20/Mar/2021:16:43:44 +0900] "\x16\x03\x01\x02" 400 226
::1 - - [20/Mar/2021:16:43:44 +0900] "\x16\x03\x01\x02" 400 226
::1 - - [20/Mar/2021:16:43:38 +0900] "POST /wp-cron.php?doing_wp_cron=1616226218.6989119052886962890625 HTTP/1.1" 200 -
::1 - - [20/Mar/2021:16:43:40 +0900] "GET /wp-admin/load-styles.php?c=0&dir=ltr&load%5Bchunk_0%5D=dashicons,admin-bar,common,forms,admin-menu,dashboard,list-tables,edit,revisions,media,themes,about,nav-menus,wp-pointer,widgets&load%5Bchunk_1%5D=,site-icon,l10n,buttons,wp-auth-check&ver=5.7 HTTP/1.1" 200 377685
::1 - - [20/Mar/2021:16:44:04 +0900] "GET /wp-includes/css/admin-bar.min.css?ver=5.7 HTTP/1.1" 200 19601
::1 - - [20/Mar/2021:16:44:04 +0900] "GET /wp-includes/css/dist/block-library/style.min.css?ver=5.7 HTTP/1.1" 200 58200
::1 - - [20/Mar/2021:16:44:04 +0900] "GET /wp-content/themes/hamburger/style.css?ver=1.0.0 HTTP/1.1" 200 28374
::1 - - [20/Mar/2021:16:44:04 +0900] "GET /wp-content/themes/hamburger/css/hamburger.css?ver=1.0.0 HTTP/1.1" 200 32745
::1 - - [20/Mar/2021:16:44:04 +0900] "GET /wp-includes/js/jquery/jquery.min.js?ver=3.5.1 HTTP/1.1" 200 89496
::1 - - [20/Mar/2021:16:44:04 +0900] "GET /wp-includes/js/jquery/jquery-migrate.min.js?ver=3.3.2 HTTP/1.1" 200 11224
::1 - - [20/Mar/2021:16:44:03 +0900] "GET / HTTP/1.1" 200 24632
::1 - - [20/Mar/2021:16:44:04 +0900] "GET /wp-content/themes/hamburger/js/sidebar.js?ver=1.0.0 HTTP/1.1" 200 1501
::1 - - [20/Mar/2021:16:44:04 +0900] "GET /wp-includes/js/wp-embed.min.js?ver=5.7 HTTP/1.1" 200 1426
::1 - - [20/Mar/2021:16:44:04 +0900] "GET /wp-content/themes/hamburger/img/card_bg1.png HTTP/1.1" 200 1483552
::1 - - [20/Mar/2021:16:44:04 +0900] "GET /wp-content/themes/hamburger/img/hero_bg1.png HTTP/1.1" 200 1454545
::1 - - [20/Mar/2021:16:44:04 +0900] "GET /wp-content/themes/hamburger/img/card_bg2.png HTTP/1.1" 200 1308869
::1 - - [20/Mar/2021:16:44:04 +0900] "GET /wp-content/themes/hamburger/font/mplus-1m-regular.ttf HTTP/1.1" 200 1245720
::1 - - [20/Mar/2021:16:44:45 +0900] "POST /wp-admin/admin-ajax.php HTTP/1.1" 200 47
::1 - - [20/Mar/2021:16:44:46 +0900] "POST /wp-cron.php?doing_wp_cron=1616226286.1520659923553466796875 HTTP/1.1" 200 -
::1 - - [20/Mar/2021:16:45:07 +0900] "GET /wp-admin/plugins.php?action=activate&plugin=akismet%2Fakismet.php&plugin_status=all&paged=1&s&_wpnonce=43b4d1ae20 HTTP/1.1" 302 -
::1 - - [20/Mar/2021:16:45:08 +0900] "GET /wp-admin/plugins.php?activate=true&plugin_status=all&paged=1&s= HTTP/1.1" 302 32354
::1 - - [20/Mar/2021:16:45:08 +0900] "GET /wp-admin/options-general.php?page=akismet-key-config&view=start HTTP/1.1" 200 16129
::1 - - [20/Mar/2021:16:45:09 +0900] "GET /wp-admin/plugins.php?action=activate&plugin=valueauth%2Fvalueauth.php&plugin_status=all&paged=1&s&_wpnonce=892df484f6 HTTP/1.1" 302 -
::1 - - [20/Mar/2021:16:45:12 +0900] "GET /wp-content/plugins/akismet/_inc/akismet.css?ver=4.1.8 HTTP/1.1" 200 12575
::1 - - [20/Mar/2021:16:45:12 +0900] "GET /wp-content/plugins/akismet/_inc/akismet.js?ver=4.1.8 HTTP/1.1" 200 11592
::1 - - [20/Mar/2021:16:45:11 +0900] "GET /wp-admin/plugins.php?activate=true&plugin_status=all&paged=1&s= HTTP/1.1" 200 73327
::1 - - [20/Mar/2021:16:45:26 +0900] "GET / HTTP/1.1" 200 24632
::1 - - [20/Mar/2021:16:45:32 +0900] "GET / HTTP/1.1" 200 24632
::1 - - [20/Mar/2021:16:45:40 +0900] "GET /?p=69 HTTP/1.1" 200 21829
::1 - - [20/Mar/2021:16:45:41 +0900] "GET /wp-content/themes/hamburger/js/single.js?ver=1.0.0 HTTP/1.1" 200 1725
::1 - - [20/Mar/2021:16:45:41 +0900] "GET /wp-content/uploads/2021/01/card_bg2-150x150.png HTTP/1.1" 200 52623
::1 - - [20/Mar/2021:16:45:45 +0900] "GET /wp-content/themes/hamburger/img/menu_img.png HTTP/1.1" 200 590566
::1 - - [20/Mar/2021:16:45:44 +0900] "GET /?p=78 HTTP/1.1" 200 22057
::1 - - [20/Mar/2021:16:45:53 +0900] "GET /?s=%E3%83%8F%E3%83%B3%E3%83%90%E3%83%BC%E3%82%AC%E3%83%BC HTTP/1.1" 200 16127
::1 - - [20/Mar/2021:16:45:53 +0900] "GET /?s=%E3%83%8F%E3%83%B3%E3%83%90%E3%83%BC%E3%82%AC%E3%83%BC HTTP/1.1" 200 22614
::1 - - [20/Mar/2021:16:45:54 +0900] "GET /wp-content/themes/hamburger/img/hero_bg2.png HTTP/1.1" 200 758537
::1 - - [20/Mar/2021:16:45:57 +0900] "GET /?paged=2&s=%E3%83%8F%E3%83%B3%E3%83%90%E3%83%BC%E3%82%AC%E3%83%BC HTTP/1.1" 200 22437
::1 - - [20/Mar/2021:16:46:02 +0900] "GET /?s=%E3%83%8F%E3%83%B3%E3%83%90%E3%83%BC%E3%82%AC%E3%83%BC HTTP/1.1" 200 22614
::1 - - [20/Mar/2021:16:46:12 +0900] "POST /wp-admin/admin-ajax.php HTTP/1.1" 200 47
::1 - - [20/Mar/2021:16:47:07 +0900] "GET /wp-admin/ HTTP/1.1" 302 -
::1 - - [20/Mar/2021:16:47:08 +0900] "GET /wp-login.php?redirect_to=http%3A%2F%2Flocalhost%3A10016%2Fwp-admin%2F&reauth=1 HTTP/1.1" 200 9160
::1 - - [20/Mar/2021:16:47:08 +0900] "GET /wp-includes/js/zxcvbn-async.min.js?ver=1.0 HTTP/1.1" 200 351
::1 - - [20/Mar/2021:16:47:08 +0900] "GET /wp-admin/js/password-strength-meter.min.js?ver=5.7 HTTP/1.1" 200 1123
::1 - - [20/Mar/2021:16:47:08 +0900] "GET /wp-admin/js/user-profile.min.js?ver=5.7 HTTP/1.1" 200 6113
::1 - - [20/Mar/2021:16:47:08 +0900] "GET /wp-includes/js/zxcvbn.min.js HTTP/1.1" 200 822237
::1 - - [20/Mar/2021:16:47:08 +0900] "GET /favicon.ico HTTP/1.1" 404 196
::1 - - [20/Mar/2021:16:47:12 +0900] "POST /wp-login.php HTTP/1.1" 302 -
::1 - - [20/Mar/2021:16:47:13 +0900] "GET /wp-content/plugins/ultimate-addons-for-gutenberg/admin/assets/admin-notice.css?ver=1.20.1 HTTP/1.1" 304 -
::1 - - [20/Mar/2021:16:47:12 +0900] "GET /wp-admin/ HTTP/1.1" 200 81889
::1 - - [20/Mar/2021:16:47:14 +0900] "POST /wp-admin/admin-ajax.php HTTP/1.1" 200 16
::1 - - [20/Mar/2021:16:47:14 +0900] "POST /wp-admin/admin-ajax.php HTTP/1.1" 200 16
::1 - - [20/Mar/2021:16:47:14 +0900] "POST /wp-admin/admin-ajax.php HTTP/1.1" 200 982
::1 - - [20/Mar/2021:16:47:18 +0900] "GET / HTTP/1.1" 200 24632
::1 - - [20/Mar/2021:16:47:36 +0900] "GET /wp-admin/update-core.php HTTP/1.1" 200 50318
::1 - - [20/Mar/2021:16:47:40 +0900] "GET /wp-admin/load-styles.php?c=0&dir=ltr&load%5Bchunk_0%5D=dashicons,admin-bar,common,forms,admin-menu,dashboard,list-tables,edit,revisions,media,themes,about,nav-menus,wp-pointer,widgets&load%5Bchunk_1%5D=,site-icon,l10n,buttons&ver=5.7 HTTP/1.1" 200 375744
::1 - - [20/Mar/2021:16:47:45 +0900] "POST /wp-admin/update-core.php?action=do-plugin-upgrade HTTP/1.1" 200 50540
::1 - - [20/Mar/2021:16:47:52 +0900] "POST /wp-admin/update-core.php?action=do-plugin-upgrade HTTP/1.1" 200 43395
::1 - - [20/Mar/2021:16:47:52 +0900] "GET /wp-admin/update.php?action=update-selected&plugins=akismet%2Fakismet.php%2Ccustom-css-js%2Fcustom-css-js.php%2Cultimate-addons-for-gutenberg%2Fultimate-addons-for-gutenberg.php%2Cvalueauth%2Fvalueauth.php&_wpnonce=9ed4137543 HTTP/1.1" 200 24420
::1 - - [20/Mar/2021:16:47:53 +0900] "GET /wp-admin/load-styles.php?c=0&dir=ltr&load%5Bchunk_0%5D=dashicons,common,forms,admin-menu,dashboard,list-tables,edit,revisions,media,themes,about,nav-menus,wp-pointer,widgets,site-icon&load%5Bchunk_1%5D=,l10n,buttons&ver=5.7 HTTP/1.1" 200 356142
::1 - - [20/Mar/2021:16:49:04 +0900] "GET /wp-content/plugins/ultimate-addons-for-gutenberg/admin/assets/admin-notice.css?ver=1.21.1 HTTP/1.1" 200 585
::1 - - [20/Mar/2021:16:49:04 +0900] "GET /wp-admin/images/about-badge.svg HTTP/1.1" 200 6674
::1 - - [20/Mar/2021:16:49:03 +0900] "GET /wp-admin/about.php HTTP/1.1" 200 56671
::1 - - [20/Mar/2021:16:49:04 +0900] "GET /wp-admin/load-styles.php?c=0&dir=ltr&load%5Bchunk_0%5D=dashicons,admin-bar,wp-components,common,forms,admin-menu,dashboard,list-tables,edit,revisions,media,themes,about,nav-menus,wp-p&load%5Bchunk_1%5D=ointer,widgets,site-icon,l10n,buttons,wp-auth-check&ver=5.7 HTTP/1.1" 200 489163
::1 - - [20/Mar/2021:16:49:04 +0900] "GET /wp-includes/js/dist/vendor/react.min.js?ver=16.13.1 HTTP/1.1" 200 12463
::1 - - [20/Mar/2021:16:49:04 +0900] "GET /wp-includes/js/dist/deprecated.min.js?ver=be1d4376501c21d85ba98dd28ca2d7ea HTTP/1.1" 200 1675
::1 - - [20/Mar/2021:16:49:04 +0900] "GET /wp-includes/js/dist/dom.min.js?ver=671f146cf127795e6a263e97355441bb HTTP/1.1" 200 14268
::1 - - [20/Mar/2021:16:49:04 +0900] "GET /wp-includes/js/dist/escape-html.min.js?ver=318abfb97a58ba13225ff74699ad73d4 HTTP/1.1" 200 1777
::1 - - [20/Mar/2021:16:49:04 +0900] "GET /wp-includes/js/dist/vendor/react-dom.min.js?ver=16.13.1 HTTP/1.1" 200 118656
::1 - - [20/Mar/2021:16:49:04 +0900] "GET /wp-includes/js/dist/element.min.js?ver=ade78933fc78fc95c1988dda7ccc9fb3 HTTP/1.1" 200 14574
::1 - - [20/Mar/2021:16:49:04 +0900] "GET /wp-includes/js/dist/is-shallow-equal.min.js?ver=cf24fb93db7d16bf3d6bdffd1bec05e1 HTTP/1.1" 200 1687
::1 - - [20/Mar/2021:16:49:04 +0900] "GET /wp-includes/js/dist/keycodes.min.js?ver=cac26ca61be251f8c22084b9bc31baf7 HTTP/1.1" 200 5579
::1 - - [20/Mar/2021:16:49:04 +0900] "GET /wp-includes/js/dist/priority-queue.min.js?ver=153c6098088db23133f6868ce3b5b53b HTTP/1.1" 200 1702
::1 - - [20/Mar/2021:16:49:04 +0900] "GET /wp-includes/js/dist/compose.min.js?ver=2992ad367077bac67cff98221f7cc481 HTTP/1.1" 200 39609
::1 - - [20/Mar/2021:16:49:04 +0900] "GET /wp-includes/js/dist/primitives.min.js?ver=b7316cc76fe897dfe1948b24704fc9af HTTP/1.1" 200 4326
::1 - - [20/Mar/2021:16:49:04 +0900] "GET /wp-includes/js/dist/redux-routine.min.js?ver=284288e957394d2097c6fbe95625e2fb HTTP/1.1" 200 9838
::1 - - [20/Mar/2021:16:49:04 +0900] "GET /wp-includes/js/dist/data.min.js?ver=943087ae96d075f126df689839bb96b9 HTTP/1.1" 200 33526
::1 - - [20/Mar/2021:16:49:04 +0900] "GET /wp-includes/js/dist/rich-text.min.js?ver=dc66b38a90bdf10456e113646934eb2f HTTP/1.1" 200 49215
::1 - - [20/Mar/2021:16:49:04 +0900] "GET /wp-includes/js/dist/warning.min.js?ver=bcafad57697ddba79662ee71e2e589e6 HTTP/1.1" 200 2824
::1 - - [20/Mar/2021:16:49:04 +0900] "GET /wp-includes/js/dist/components.min.js?ver=863b0e64189bf5cd6b5aced6797bc2d6 HTTP/1.1" 200 674760
::1 - - [20/Mar/2021:16:49:04 +0900] "GET /wp-admin/images/about-color-palette.svg HTTP/1.1" 200 3328
::1 - - [20/Mar/2021:16:49:04 +0900] "GET /wp-admin/images/about-header-brushes.svg HTTP/1.1" 200 139521
::1 - - [20/Mar/2021:16:49:07 +0900] "GET /wp-admin/about.php HTTP/1.1" 200 56671
::1 - - [20/Mar/2021:16:49:09 +0900] "GET /wp-content/themes/hamburger/style.css?ver=1.0.0 HTTP/1.1" 304 -
::1 - - [20/Mar/2021:16:49:09 +0900] "GET /wp-content/themes/hamburger/css/hamburger.css?ver=1.0.0 HTTP/1.1" 304 -
::1 - - [20/Mar/2021:16:49:08 +0900] "GET / HTTP/1.1" 200 24632
::1 - - [20/Mar/2021:16:49:09 +0900] "GET /wp-content/themes/hamburger/js/sidebar.js?ver=1.0.0 HTTP/1.1" 304 -
::1 - - [20/Mar/2021:16:49:09 +0900] "GET /wp-content/themes/hamburger/img/card_bg1.png HTTP/1.1" 304 -
::1 - - [20/Mar/2021:16:49:09 +0900] "GET /wp-content/themes/hamburger/img/hero_bg1.png HTTP/1.1" 304 -
::1 - - [20/Mar/2021:16:49:09 +0900] "GET /wp-content/themes/hamburger/img/card_bg2.png HTTP/1.1" 304 -
::1 - - [20/Mar/2021:16:49:10 +0900] "GET /wp-content/themes/hamburger/font/mplus-1m-regular.ttf HTTP/1.1" 304 -
::1 - - [20/Mar/2021:16:49:15 +0900] "GET / HTTP/1.1" 200 24632
::1 - - [20/Mar/2021:16:49:20 +0900] "GET /wp-content/plugins/akismet/_inc/akismet.css?ver=4.1.9 HTTP/1.1" 200 12575
::1 - - [20/Mar/2021:16:49:20 +0900] "GET /wp-content/plugins/akismet/_inc/akismet.js?ver=4.1.9 HTTP/1.1" 200 11592
::1 - - [20/Mar/2021:16:49:20 +0900] "GET /wp-content/plugins/ultimate-addons-for-gutenberg/admin/assets/admin-notice.css?ver=1.21.1 HTTP/1.1" 304 -
::1 - - [20/Mar/2021:16:49:18 +0900] "GET /wp-admin/index.php HTTP/1.1" 200 81925
::1 - - [20/Mar/2021:16:49:20 +0900] "POST /wp-admin/admin-ajax.php HTTP/1.1" 200 16
::1 - - [20/Mar/2021:16:49:20 +0900] "POST /wp-admin/admin-ajax.php HTTP/1.1" 200 16
::1 - - [20/Mar/2021:16:49:20 +0900] "POST /wp-admin/admin-ajax.php HTTP/1.1" 200 982
::1 - - [20/Mar/2021:16:49:59 +0900] "GET /wp-content/plugins/ultimate-addons-for-gutenberg/admin/assets/admin-notice.css?ver=1.21.1 HTTP/1.1" 304 -
::1 - - [20/Mar/2021:16:49:59 +0900] "GET /wp-content/plugins/akismet/_inc/akismet.js?ver=4.1.9 HTTP/1.1" 304 -
::1 - - [20/Mar/2021:16:49:59 +0900] "GET /wp-content/plugins/akismet/_inc/akismet.css?ver=4.1.9 HTTP/1.1" 304 -
::1 - - [20/Mar/2021:16:49:57 +0900] "GET /wp-admin/plugins.php HTTP/1.1" 200 69603
::1 - - [20/Mar/2021:16:50:09 +0900] "POST /wp-admin/admin-ajax.php HTTP/1.1" 200 518
::1 - - [20/Mar/2021:16:50:59 +0900] "POST /wp-admin/admin-ajax.php HTTP/1.1" 200 47
::1 - - [20/Mar/2021:16:51:01 +0900] "GET / HTTP/1.1" 200 24632
::1 - - [20/Mar/2021:16:51:59 +0900] "POST /wp-admin/admin-ajax.php HTTP/1.1" 200 47
::1 - - [20/Mar/2021:16:52:27 +0900] "GET /wp-content/themes/hamburger/img/hero_bg1-sm.png HTTP/1.1" 200 256213
::1 - - [20/Mar/2021:16:52:31 +0900] "GET /wp-content/themes/hamburger/img/menu_img-sm.png HTTP/1.1" 200 154197
::1 - - [20/Mar/2021:16:52:30 +0900] "GET /?s=%E3%83%8F%E3%83%B3%E3%83%90%E3%83%BC%E3%82%AC%E3%83%BC HTTP/1.1" 200 22614
::1 - - [20/Mar/2021:16:52:31 +0900] "GET /wp-content/themes/hamburger/img/hero_bg2-md.png HTTP/1.1" 200 519497
::1 - - [20/Mar/2021:16:52:41 +0900] "GET /?paged=2&s=%E3%83%8F%E3%83%B3%E3%83%90%E3%83%BC%E3%82%AC%E3%83%BC HTTP/1.1" 200 22437
::1 - - [20/Mar/2021:16:52:42 +0900] "GET /wp-content/uploads/2021/01/card_bg2-150x150.png HTTP/1.1" 304 -
::1 - - [20/Mar/2021:16:52:45 +0900] "GET /?s=%E3%83%8F%E3%83%B3%E3%83%90%E3%83%BC%E3%82%AC%E3%83%BC HTTP/1.1" 200 22614
::1 - - [20/Mar/2021:16:52:48 +0900] "GET /?p=69 HTTP/1.1" 200 21829
::1 - - [20/Mar/2021:16:52:49 +0900] "GET /wp-content/themes/hamburger/js/single.js?ver=1.0.0 HTTP/1.1" 304 -
::1 - - [20/Mar/2021:16:53:38 +0900] "GET /wp-content/themes/hamburger/style.css?ver=1.0.0 HTTP/1.1" 304 -
::1 - - [20/Mar/2021:16:53:38 +0900] "GET /wp-content/themes/hamburger/css/hamburger.css?ver=1.0.0 HTTP/1.1" 304 -
::1 - - [20/Mar/2021:16:53:38 +0900] "GET /wp-content/themes/hamburger/css/hamburger.css.map HTTP/1.1" 404 196
::1 - - [20/Mar/2021:16:53:38 +0900] "GET /wp-content/themes/hamburger/hamburger.css.map HTTP/1.1" 404 196
::1 - - [20/Mar/2021:16:54:00 +0900] "POST /wp-admin/admin-ajax.php HTTP/1.1" 200 47
::1 - - [20/Mar/2021:16:56:01 +0900] "POST /wp-admin/admin-ajax.php HTTP/1.1" 200 47
::1 - - [20/Mar/2021:16:58:02 +0900] "POST /wp-admin/admin-ajax.php HTTP/1.1" 200 47
::1 - - [20/Mar/2021:16:59:13 +0900] "GET /wp-content/themes/hamburger/style.css?ver=1.0.0 HTTP/1.1" 304 -
::1 - - [20/Mar/2021:16:59:13 +0900] "GET /wp-content/themes/hamburger/css/hamburger.css?ver=1.0.0 HTTP/1.1" 304 -
::1 - - [20/Mar/2021:16:59:13 +0900] "GET /?p=69 HTTP/1.1" 200 21829
::1 - - [20/Mar/2021:16:59:13 +0900] "GET /wp-content/themes/hamburger/js/single.js?ver=1.0.0 HTTP/1.1" 304 -
::1 - - [20/Mar/2021:16:59:13 +0900] "GET /wp-content/themes/hamburger/js/sidebar.js?ver=1.0.0 HTTP/1.1" 304 -
::1 - - [20/Mar/2021:16:59:13 +0900] "GET /wp-content/themes/hamburger/css/hamburger.css.map HTTP/1.1" 404 196
::1 - - [20/Mar/2021:16:59:13 +0900] "GET /wp-content/uploads/2021/01/card_bg2-150x150.png HTTP/1.1" 304 -
::1 - - [20/Mar/2021:16:59:13 +0900] "GET /wp-content/themes/hamburger/hamburger.css.map HTTP/1.1" 404 196
::1 - - [20/Mar/2021:16:59:20 +0900] "GET / HTTP/1.1" 200 24632
::1 - - [20/Mar/2021:16:59:21 +0900] "GET /wp-content/themes/hamburger/img/hero_bg1-sm.png HTTP/1.1" 304 -
::1 - - [20/Mar/2021:16:59:21 +0900] "GET /wp-content/themes/hamburger/img/card_bg1.png HTTP/1.1" 304 -
::1 - - [20/Mar/2021:16:59:21 +0900] "GET /wp-content/themes/hamburger/img/card_bg2.png HTTP/1.1" 304 -
::1 - - [20/Mar/2021:16:59:21 +0900] "GET /wp-content/themes/hamburger/hamburger.css.map HTTP/1.1" 404 196
::1 - - [20/Mar/2021:16:59:21 +0900] "GET /wp-content/themes/hamburger/css/hamburger.css.map HTTP/1.1" 404 196
::1 - - [20/Mar/2021:17:00:03 +0900] "POST /wp-admin/admin-ajax.php HTTP/1.1" 200 47
::1 - - [20/Mar/2021:17:00:33 +0900] "GET / HTTP/1.1" 200 24632
::1 - - [20/Mar/2021:17:00:34 +0900] "GET /wp-content/themes/hamburger/font/mplus-1m-regular.ttf HTTP/1.1" 304 -
::1 - - [20/Mar/2021:17:00:34 +0900] "GET /wp-content/themes/hamburger/hamburger.css.map HTTP/1.1" 404 196
::1 - - [20/Mar/2021:17:00:34 +0900] "GET /wp-content/themes/hamburger/css/hamburger.css.map HTTP/1.1" 404 196
::1 - - [20/Mar/2021:17:00:41 +0900] "GET /?p=69 HTTP/1.1" 200 21829
::1 - - [20/Mar/2021:17:00:42 +0900] "GET /wp-content/themes/hamburger/hamburger.css.map HTTP/1.1" 404 196
::1 - - [20/Mar/2021:17:00:42 +0900] "GET /wp-content/themes/hamburger/css/hamburger.css.map HTTP/1.1" 404 196
::1 - - [20/Mar/2021:17:00:44 +0900] "GET /?p=69 HTTP/1.1" 200 21829
::1 - - [20/Mar/2021:17:00:45 +0900] "GET /wp-content/themes/hamburger/hamburger.css.map HTTP/1.1" 404 196
::1 - - [20/Mar/2021:17:00:45 +0900] "GET /wp-content/themes/hamburger/css/hamburger.css.map HTTP/1.1" 404 196
::1 - - [20/Mar/2021:17:01:04 +0900] "GET / HTTP/1.1" 200 24632
::1 - - [20/Mar/2021:17:01:04 +0900] "GET /wp-content/themes/hamburger/hamburger.css.map HTTP/1.1" 404 196
::1 - - [20/Mar/2021:17:01:04 +0900] "GET /wp-content/themes/hamburger/css/hamburger.css.map HTTP/1.1" 404 196
::1 - - [20/Mar/2021:17:01:08 +0900] "GET /wp-content/themes/hamburger/img/menu_img-sm.png HTTP/1.1" 304 -
::1 - - [20/Mar/2021:17:01:08 +0900] "GET /?s=%E3%83%8F%E3%83%B3%E3%83%90%E3%83%BC%E3%82%AC%E3%83%BC HTTP/1.1" 200 22614
::1 - - [20/Mar/2021:17:01:09 +0900] "GET /wp-content/themes/hamburger/img/hero_bg2-md.png HTTP/1.1" 304 -
::1 - - [20/Mar/2021:17:01:09 +0900] "GET /wp-content/themes/hamburger/css/hamburger.css.map HTTP/1.1" 404 196
::1 - - [20/Mar/2021:17:01:09 +0900] "GET /wp-content/themes/hamburger/hamburger.css.map HTTP/1.1" 404 196
::1 - - [20/Mar/2021:17:01:11 +0900] "GET /?paged=2&s=%E3%83%8F%E3%83%B3%E3%83%90%E3%83%BC%E3%82%AC%E3%83%BC HTTP/1.1" 200 22437
::1 - - [20/Mar/2021:17:01:11 +0900] "GET /wp-content/themes/hamburger/css/hamburger.css.map HTTP/1.1" 404 196
::1 - - [20/Mar/2021:17:01:11 +0900] "GET /wp-content/themes/hamburger/hamburger.css.map HTTP/1.1" 404 196
::1 - - [20/Mar/2021:17:01:14 +0900] "GET /?p=69 HTTP/1.1" 200 21829
::1 - - [20/Mar/2021:17:01:15 +0900] "GET /wp-content/themes/hamburger/css/hamburger.css.map HTTP/1.1" 404 196
::1 - - [20/Mar/2021:17:01:15 +0900] "GET /wp-content/themes/hamburger/hamburger.css.map HTTP/1.1" 404 196
::1 - - [20/Mar/2021:17:05:52 +0900] "POST /wp-admin/admin-ajax.php HTTP/1.1" 200 47
::1 - - [20/Mar/2021:17:06:52 +0900] "POST /wp-admin/admin-ajax.php HTTP/1.1" 200 47
::1 - - [20/Mar/2021:17:07:53 +0900] "POST /wp-admin/admin-ajax.php HTTP/1.1" 200 47
::1 - - [20/Mar/2021:17:09:54 +0900] "POST /wp-admin/admin-ajax.php HTTP/1.1" 200 47
::1 - - [20/Mar/2021:17:11:55 +0900] "POST /wp-admin/admin-ajax.php HTTP/1.1" 200 47
::1 - - [20/Mar/2021:17:13:56 +0900] "POST /wp-admin/admin-ajax.php HTTP/1.1" 200 47
::1 - - [20/Mar/2021:17:15:57 +0900] "POST /wp-admin/admin-ajax.php HTTP/1.1" 200 47
::1 - - [20/Mar/2021:17:17:58 +0900] "POST /wp-admin/admin-ajax.php HTTP/1.1" 200 47
::1 - - [20/Mar/2021:17:19:12 +0900] "POST /wp-admin/admin-ajax.php HTTP/1.1" 200 47
